#
# An unexpected error has occurred (11)
#
Stack:
/lib64/libc.so.6() [0x3659a32570]
/opt/Xilinx/Vivado/2016.2/lib/lnx64.o/libtcmalloc.so.4(tcmalloc::ThreadCache::ReleaseToCentralCache(tcmalloc::ThreadCache::FreeList*, unsigned long, int)+0x10b) [0x7ff4289bc91b]
/opt/Xilinx/Vivado/2016.2/lib/lnx64.o/libtcmalloc.so.4(tcmalloc::ThreadCache::Scavenge()+0x40) [0x7ff4289bcd20]
/opt/Xilinx/Vivado/2016.2/lib/lnx64.o/libtcmalloc.so.4(operator delete(void*)+0x1ca) [0x7ff4289cdf7a]
/opt/Xilinx/Vivado/2016.2/lib/lnx64.o/librdi_device.so(HDDMTileType::~HDDMTileType()+0x204) [0x7ff4087cd024]
/opt/Xilinx/Vivado/2016.2/lib/lnx64.o/librdi_device.so(HDDMDevice::~HDDMDevice()+0x449) [0x7ff408704f89]
/opt/Xilinx/Vivado/2016.2/lib/lnx64.o/librdi_device.so(HDDMDeviceCache::flushCache()+0x51) [0x7ff408705c31]
/lib64/libc.so.6(exit+0xe2) [0x3659a35a02]
/opt/Xilinx/Vivado/2016.2/lib/lnx64.o/libtcl8.5.so(+0x74371) [0x7ff423b6e371]
/opt/Xilinx/Vivado/2016.2/lib/lnx64.o/libtcl8.5.so(+0x3b7ef) [0x7ff423b357ef]
/opt/Xilinx/Vivado/2016.2/lib/lnx64.o/libtcl8.5.so(+0x331f5) [0x7ff423b2d1f5]
/opt/Xilinx/Vivado/2016.2/lib/lnx64.o/libtcl8.5.so(+0x34d6b) [0x7ff423b2ed6b]
/opt/Xilinx/Vivado/2016.2/lib/lnx64.o/libtcl8.5.so(Tcl_EvalEx+0x16) [0x7ff423b2f276]
/opt/Xilinx/Vivado/2016.2/lib/lnx64.o/libtcl8.5.so(Tcl_Eval+0x15) [0x7ff423b2f295]
/opt/Xilinx/Vivado/2016.2/lib/lnx64.o/librdi_commontasks.so(+0x2e3ee0) [0x7ff41a7f9ee0]
/opt/Xilinx/Vivado/2016.2/lib/lnx64.o/librdi_commontasks.so(+0x2dc7c3) [0x7ff41a7f27c3]
/opt/Xilinx/Vivado/2016.2/lib/lnx64.o/librdi_common.so(+0x5b7707) [0x7ff4281e6707]
/opt/Xilinx/Vivado/2016.2/lib/lnx64.o/libtcl8.5.so(+0x331f5) [0x7ff423b2d1f5]
/opt/Xilinx/Vivado/2016.2/lib/lnx64.o/libtcl8.5.so(Tcl_EvalObjv+0x32) [0x7ff423b2d7e2]
/opt/Xilinx/Vivado/2016.2/lib/lnx64.o/libtcl8.5.so(TclEvalObjEx+0x322) [0x7ff423b2f5d2]
/opt/Xilinx/Vivado/2016.2/lib/lnx64.o/librdi_commonmain.so(+0x6330) [0x7ff427a29330]
/opt/Xilinx/Vivado/2016.2/lib/lnx64.o/libtcl8.5.so(Tcl_Main+0x1d5) [0x7ff423b9a175]
/opt/Xilinx/Vivado/2016.2/lib/lnx64.o/librdi_common.so(+0x5f0409) [0x7ff42821f409]
/lib64/libpthread.so.0() [0x3659e07aa1]
/lib64/libc.so.6(clone+0x6d) [0x3659ae8c4d]
