
*** Running vivado
    with args -log bd_fc5c_dlmb_cntlr_0.vds -m64 -mode batch -messageDb vivado.pb -notrace -source bd_fc5c_dlmb_cntlr_0.tcl


****** Vivado v2016.2 (64-bit)
  **** SW Build 1577090 on Thu Jun  2 16:32:35 MDT 2016
  **** IP Build 1577682 on Fri Jun  3 12:00:54 MDT 2016
    ** Copyright 1986-2016 Xilinx, Inc. All Rights Reserved.

source bd_fc5c_dlmb_cntlr_0.tcl -notrace
Command: synth_design -top bd_fc5c_dlmb_cntlr_0 -part xc7k420tffg1156-2 -mode out_of_context
Starting synth_design
Attempting to get a license for feature 'Synthesis' and/or device 'xc7k420t'
INFO: [Common 17-349] Got license for feature 'Synthesis' and/or device 'xc7k420t'
INFO: [Common 17-1223] The version limit for your license is '2018.05' and will expire in -336 days. A version limit expiration means that, although you may be able to continue to use the current version of tools or IP with this license, you will not be eligible for any updates or new releases.
INFO: Launching helper process for spawning children vivado processes
INFO: Helper process launched with PID 6362 
---------------------------------------------------------------------------------
Starting RTL Elaboration : Time (s): cpu = 00:00:10 ; elapsed = 00:00:10 . Memory (MB): peak = 1158.996 ; gain = 189.172 ; free physical = 2851 ; free virtual = 11726
---------------------------------------------------------------------------------
INFO: [Synth 8-638] synthesizing module 'bd_fc5c_dlmb_cntlr_0' [/home/tmnguyen/mu2e_monitor_firmware_original/firmware_original/mu2e_1.srcs/sources_1/ip/microblaze_mcs_0/bd_0/ip/ip_4/synth/bd_fc5c_dlmb_cntlr_0.vhd:84]
	Parameter C_FAMILY bound to: kintex7 - type: string 
	Parameter C_HIGHADDR bound to: 64'b0000000000000000000000000000000000000000000000011111111111111111 
	Parameter C_BASEADDR bound to: 64'b0000000000000000000000000000000000000000000000000000000000000000 
	Parameter C_NUM_LMB bound to: 1 - type: integer 
	Parameter C_MASK bound to: 64'b0000000000000000000000000000000011000000000000000000000000000000 
	Parameter C_MASK1 bound to: 64'b0000000000000000000000000000000000000000100000000000000000000000 
	Parameter C_MASK2 bound to: 64'b0000000000000000000000000000000000000000100000000000000000000000 
	Parameter C_MASK3 bound to: 64'b0000000000000000000000000000000000000000100000000000000000000000 
	Parameter C_LMB_AWIDTH bound to: 32 - type: integer 
	Parameter C_LMB_DWIDTH bound to: 32 - type: integer 
	Parameter C_ECC bound to: 0 - type: integer 
	Parameter C_INTERCONNECT bound to: 0 - type: integer 
	Parameter C_FAULT_INJECT bound to: 0 - type: integer 
	Parameter C_CE_FAILING_REGISTERS bound to: 0 - type: integer 
	Parameter C_UE_FAILING_REGISTERS bound to: 0 - type: integer 
	Parameter C_ECC_STATUS_REGISTERS bound to: 0 - type: integer 
	Parameter C_ECC_ONOFF_REGISTER bound to: 0 - type: integer 
	Parameter C_ECC_ONOFF_RESET_VALUE bound to: 1 - type: integer 
	Parameter C_CE_COUNTER_WIDTH bound to: 0 - type: integer 
	Parameter C_WRITE_ACCESS bound to: 2 - type: integer 
	Parameter C_BRAM_AWIDTH bound to: 32 - type: integer 
	Parameter C_S_AXI_CTRL_ADDR_WIDTH bound to: 32 - type: integer 
	Parameter C_S_AXI_CTRL_DATA_WIDTH bound to: 32 - type: integer 
INFO: [Synth 8-3491] module 'lmb_bram_if_cntlr' declared at '/home/tmnguyen/mu2e_monitor_firmware_original/firmware_original/mu2e_1.srcs/sources_1/ip/microblaze_mcs_0/bd_0/ip/ip_4/lmb_bram_if_cntlr_v4_0_9/hdl/vhdl/lmb_bram_if_cntlr.vhd:93' bound to instance 'U0' of component 'lmb_bram_if_cntlr' [/home/tmnguyen/mu2e_monitor_firmware_original/firmware_original/mu2e_1.srcs/sources_1/ip/microblaze_mcs_0/bd_0/ip/ip_4/synth/bd_fc5c_dlmb_cntlr_0.vhd:220]
INFO: [Synth 8-638] synthesizing module 'lmb_bram_if_cntlr' [/home/tmnguyen/mu2e_monitor_firmware_original/firmware_original/mu2e_1.srcs/sources_1/ip/microblaze_mcs_0/bd_0/ip/ip_4/lmb_bram_if_cntlr_v4_0_9/hdl/vhdl/lmb_bram_if_cntlr.vhd:217]
	Parameter C_FAMILY bound to: kintex7 - type: string 
	Parameter C_HIGHADDR bound to: 64'b0000000000000000000000000000000000000000000000011111111111111111 
	Parameter C_BASEADDR bound to: 64'b0000000000000000000000000000000000000000000000000000000000000000 
	Parameter C_MASK bound to: 64'b0000000000000000000000000000000011000000000000000000000000000000 
	Parameter C_MASK1 bound to: 64'b0000000000000000000000000000000000000000100000000000000000000000 
	Parameter C_MASK2 bound to: 64'b0000000000000000000000000000000000000000100000000000000000000000 
	Parameter C_MASK3 bound to: 64'b0000000000000000000000000000000000000000100000000000000000000000 
	Parameter C_LMB_AWIDTH bound to: 32 - type: integer 
	Parameter C_LMB_DWIDTH bound to: 32 - type: integer 
	Parameter C_ECC bound to: 0 - type: integer 
	Parameter C_INTERCONNECT bound to: 0 - type: integer 
	Parameter C_FAULT_INJECT bound to: 0 - type: integer 
	Parameter C_CE_FAILING_REGISTERS bound to: 0 - type: integer 
	Parameter C_UE_FAILING_REGISTERS bound to: 0 - type: integer 
	Parameter C_ECC_STATUS_REGISTERS bound to: 0 - type: integer 
	Parameter C_ECC_ONOFF_REGISTER bound to: 0 - type: integer 
	Parameter C_ECC_ONOFF_RESET_VALUE bound to: 1 - type: integer 
	Parameter C_CE_COUNTER_WIDTH bound to: 0 - type: integer 
	Parameter C_WRITE_ACCESS bound to: 2 - type: integer 
	Parameter C_NUM_LMB bound to: 1 - type: integer 
	Parameter C_BRAM_AWIDTH bound to: 32 - type: integer 
	Parameter C_S_AXI_CTRL_BASEADDR bound to: 32'b11111111111111111111111111111111 
	Parameter C_S_AXI_CTRL_HIGHADDR bound to: 32'b00000000000000000000000000000000 
	Parameter C_S_AXI_CTRL_ADDR_WIDTH bound to: 32 - type: integer 
	Parameter C_S_AXI_CTRL_DATA_WIDTH bound to: 32 - type: integer 
	Parameter C_BASEADDR bound to: 64'b0000000000000000000000000000000000000000000000000000000000000000 
	Parameter C_MASK bound to: 64'b0000000000000000000000000000000011000000000000000000000000000000 
	Parameter C_MASK1 bound to: 64'b0000000000000000000000000000000000000000100000000000000000000000 
	Parameter C_MASK2 bound to: 64'b0000000000000000000000000000000000000000100000000000000000000000 
	Parameter C_MASK3 bound to: 64'b0000000000000000000000000000000000000000100000000000000000000000 
	Parameter C_LMB_AWIDTH bound to: 32 - type: integer 
	Parameter C_LMB_DWIDTH bound to: 32 - type: integer 
	Parameter C_NUM_LMB bound to: 1 - type: integer 
INFO: [Synth 8-3491] module 'lmb_mux' declared at '/home/tmnguyen/mu2e_monitor_firmware_original/firmware_original/mu2e_1.srcs/sources_1/ip/microblaze_mcs_0/bd_0/ip/ip_4/lmb_bram_if_cntlr_v4_0_9/hdl/vhdl/lmb_mux.vhd:88' bound to instance 'lmb_mux_I' of component 'lmb_mux' [/home/tmnguyen/mu2e_monitor_firmware_original/firmware_original/mu2e_1.srcs/sources_1/ip/microblaze_mcs_0/bd_0/ip/ip_4/lmb_bram_if_cntlr_v4_0_9/hdl/vhdl/lmb_bram_if_cntlr.vhd:433]
INFO: [Synth 8-638] synthesizing module 'lmb_mux' [/home/tmnguyen/mu2e_monitor_firmware_original/firmware_original/mu2e_1.srcs/sources_1/ip/microblaze_mcs_0/bd_0/ip/ip_4/lmb_bram_if_cntlr_v4_0_9/hdl/vhdl/lmb_mux.vhd:170]
	Parameter C_BASEADDR bound to: 64'b0000000000000000000000000000000000000000000000000000000000000000 
	Parameter C_MASK bound to: 64'b0000000000000000000000000000000011000000000000000000000000000000 
	Parameter C_MASK1 bound to: 64'b0000000000000000000000000000000000000000100000000000000000000000 
	Parameter C_MASK2 bound to: 64'b0000000000000000000000000000000000000000100000000000000000000000 
	Parameter C_MASK3 bound to: 64'b0000000000000000000000000000000000000000100000000000000000000000 
	Parameter C_LMB_AWIDTH bound to: 32 - type: integer 
	Parameter C_LMB_DWIDTH bound to: 32 - type: integer 
	Parameter C_NUM_LMB bound to: 1 - type: integer 
	Parameter C_AW bound to: 32 - type: integer 
	Parameter C_BAR bound to: 64'b0000000000000000000000000000000000000000000000000000000000000000 
	Parameter C_MASK bound to: 64'b0000000000000000000000000000000011000000000000000000000000000000 
INFO: [Synth 8-3491] module 'pselect_mask' declared at '/home/tmnguyen/mu2e_monitor_firmware_original/firmware_original/mu2e_1.srcs/sources_1/ip/microblaze_mcs_0/bd_0/ip/ip_4/lmb_bram_if_cntlr_v4_0_9/hdl/vhdl/pselect_mask.vhd:87' bound to instance 'pselect_mask_lmb' of component 'pselect_mask' [/home/tmnguyen/mu2e_monitor_firmware_original/firmware_original/mu2e_1.srcs/sources_1/ip/microblaze_mcs_0/bd_0/ip/ip_4/lmb_bram_if_cntlr_v4_0_9/hdl/vhdl/lmb_mux.vhd:222]
INFO: [Synth 8-638] synthesizing module 'pselect_mask' [/home/tmnguyen/mu2e_monitor_firmware_original/firmware_original/mu2e_1.srcs/sources_1/ip/microblaze_mcs_0/bd_0/ip/ip_4/lmb_bram_if_cntlr_v4_0_9/hdl/vhdl/pselect_mask.vhd:102]
	Parameter C_AW bound to: 32 - type: integer 
	Parameter C_BAR bound to: 64'b0000000000000000000000000000000000000000000000000000000000000000 
	Parameter C_MASK bound to: 64'b0000000000000000000000000000000011000000000000000000000000000000 
INFO: [Synth 8-256] done synthesizing module 'pselect_mask' (1#1) [/home/tmnguyen/mu2e_monitor_firmware_original/firmware_original/mu2e_1.srcs/sources_1/ip/microblaze_mcs_0/bd_0/ip/ip_4/lmb_bram_if_cntlr_v4_0_9/hdl/vhdl/pselect_mask.vhd:102]
INFO: [Synth 8-256] done synthesizing module 'lmb_mux' (2#1) [/home/tmnguyen/mu2e_monitor_firmware_original/firmware_original/mu2e_1.srcs/sources_1/ip/microblaze_mcs_0/bd_0/ip/ip_4/lmb_bram_if_cntlr_v4_0_9/hdl/vhdl/lmb_mux.vhd:170]
INFO: [Synth 8-256] done synthesizing module 'lmb_bram_if_cntlr' (3#1) [/home/tmnguyen/mu2e_monitor_firmware_original/firmware_original/mu2e_1.srcs/sources_1/ip/microblaze_mcs_0/bd_0/ip/ip_4/lmb_bram_if_cntlr_v4_0_9/hdl/vhdl/lmb_bram_if_cntlr.vhd:217]
INFO: [Synth 8-256] done synthesizing module 'bd_fc5c_dlmb_cntlr_0' (4#1) [/home/tmnguyen/mu2e_monitor_firmware_original/firmware_original/mu2e_1.srcs/sources_1/ip/microblaze_mcs_0/bd_0/ip/ip_4/synth/bd_fc5c_dlmb_cntlr_0.vhd:84]
WARNING: [Synth 8-3331] design pselect_mask has unconnected port A[2]
WARNING: [Synth 8-3331] design pselect_mask has unconnected port A[3]
WARNING: [Synth 8-3331] design pselect_mask has unconnected port A[4]
WARNING: [Synth 8-3331] design pselect_mask has unconnected port A[5]
WARNING: [Synth 8-3331] design pselect_mask has unconnected port A[6]
WARNING: [Synth 8-3331] design pselect_mask has unconnected port A[7]
WARNING: [Synth 8-3331] design pselect_mask has unconnected port A[8]
WARNING: [Synth 8-3331] design pselect_mask has unconnected port A[9]
WARNING: [Synth 8-3331] design pselect_mask has unconnected port A[10]
WARNING: [Synth 8-3331] design pselect_mask has unconnected port A[11]
WARNING: [Synth 8-3331] design pselect_mask has unconnected port A[12]
WARNING: [Synth 8-3331] design pselect_mask has unconnected port A[13]
WARNING: [Synth 8-3331] design pselect_mask has unconnected port A[14]
WARNING: [Synth 8-3331] design pselect_mask has unconnected port A[15]
WARNING: [Synth 8-3331] design pselect_mask has unconnected port A[16]
WARNING: [Synth 8-3331] design pselect_mask has unconnected port A[17]
WARNING: [Synth 8-3331] design pselect_mask has unconnected port A[18]
WARNING: [Synth 8-3331] design pselect_mask has unconnected port A[19]
WARNING: [Synth 8-3331] design pselect_mask has unconnected port A[20]
WARNING: [Synth 8-3331] design pselect_mask has unconnected port A[21]
WARNING: [Synth 8-3331] design pselect_mask has unconnected port A[22]
WARNING: [Synth 8-3331] design pselect_mask has unconnected port A[23]
WARNING: [Synth 8-3331] design pselect_mask has unconnected port A[24]
WARNING: [Synth 8-3331] design pselect_mask has unconnected port A[25]
WARNING: [Synth 8-3331] design pselect_mask has unconnected port A[26]
WARNING: [Synth 8-3331] design pselect_mask has unconnected port A[27]
WARNING: [Synth 8-3331] design pselect_mask has unconnected port A[28]
WARNING: [Synth 8-3331] design pselect_mask has unconnected port A[29]
WARNING: [Synth 8-3331] design pselect_mask has unconnected port A[30]
WARNING: [Synth 8-3331] design pselect_mask has unconnected port A[31]
WARNING: [Synth 8-3331] design lmb_mux has unconnected port LMB_Clk
WARNING: [Synth 8-3331] design lmb_mux has unconnected port LMB_Rst
WARNING: [Synth 8-3331] design lmb_mux has unconnected port LMB1_ABus[0]
WARNING: [Synth 8-3331] design lmb_mux has unconnected port LMB1_ABus[1]
WARNING: [Synth 8-3331] design lmb_mux has unconnected port LMB1_ABus[2]
WARNING: [Synth 8-3331] design lmb_mux has unconnected port LMB1_ABus[3]
WARNING: [Synth 8-3331] design lmb_mux has unconnected port LMB1_ABus[4]
WARNING: [Synth 8-3331] design lmb_mux has unconnected port LMB1_ABus[5]
WARNING: [Synth 8-3331] design lmb_mux has unconnected port LMB1_ABus[6]
WARNING: [Synth 8-3331] design lmb_mux has unconnected port LMB1_ABus[7]
WARNING: [Synth 8-3331] design lmb_mux has unconnected port LMB1_ABus[8]
WARNING: [Synth 8-3331] design lmb_mux has unconnected port LMB1_ABus[9]
WARNING: [Synth 8-3331] design lmb_mux has unconnected port LMB1_ABus[10]
WARNING: [Synth 8-3331] design lmb_mux has unconnected port LMB1_ABus[11]
WARNING: [Synth 8-3331] design lmb_mux has unconnected port LMB1_ABus[12]
WARNING: [Synth 8-3331] design lmb_mux has unconnected port LMB1_ABus[13]
WARNING: [Synth 8-3331] design lmb_mux has unconnected port LMB1_ABus[14]
WARNING: [Synth 8-3331] design lmb_mux has unconnected port LMB1_ABus[15]
WARNING: [Synth 8-3331] design lmb_mux has unconnected port LMB1_ABus[16]
WARNING: [Synth 8-3331] design lmb_mux has unconnected port LMB1_ABus[17]
WARNING: [Synth 8-3331] design lmb_mux has unconnected port LMB1_ABus[18]
WARNING: [Synth 8-3331] design lmb_mux has unconnected port LMB1_ABus[19]
WARNING: [Synth 8-3331] design lmb_mux has unconnected port LMB1_ABus[20]
WARNING: [Synth 8-3331] design lmb_mux has unconnected port LMB1_ABus[21]
WARNING: [Synth 8-3331] design lmb_mux has unconnected port LMB1_ABus[22]
WARNING: [Synth 8-3331] design lmb_mux has unconnected port LMB1_ABus[23]
WARNING: [Synth 8-3331] design lmb_mux has unconnected port LMB1_ABus[24]
WARNING: [Synth 8-3331] design lmb_mux has unconnected port LMB1_ABus[25]
WARNING: [Synth 8-3331] design lmb_mux has unconnected port LMB1_ABus[26]
WARNING: [Synth 8-3331] design lmb_mux has unconnected port LMB1_ABus[27]
WARNING: [Synth 8-3331] design lmb_mux has unconnected port LMB1_ABus[28]
WARNING: [Synth 8-3331] design lmb_mux has unconnected port LMB1_ABus[29]
WARNING: [Synth 8-3331] design lmb_mux has unconnected port LMB1_ABus[30]
WARNING: [Synth 8-3331] design lmb_mux has unconnected port LMB1_ABus[31]
WARNING: [Synth 8-3331] design lmb_mux has unconnected port LMB1_WriteDBus[0]
WARNING: [Synth 8-3331] design lmb_mux has unconnected port LMB1_WriteDBus[1]
WARNING: [Synth 8-3331] design lmb_mux has unconnected port LMB1_WriteDBus[2]
WARNING: [Synth 8-3331] design lmb_mux has unconnected port LMB1_WriteDBus[3]
WARNING: [Synth 8-3331] design lmb_mux has unconnected port LMB1_WriteDBus[4]
WARNING: [Synth 8-3331] design lmb_mux has unconnected port LMB1_WriteDBus[5]
WARNING: [Synth 8-3331] design lmb_mux has unconnected port LMB1_WriteDBus[6]
WARNING: [Synth 8-3331] design lmb_mux has unconnected port LMB1_WriteDBus[7]
WARNING: [Synth 8-3331] design lmb_mux has unconnected port LMB1_WriteDBus[8]
WARNING: [Synth 8-3331] design lmb_mux has unconnected port LMB1_WriteDBus[9]
WARNING: [Synth 8-3331] design lmb_mux has unconnected port LMB1_WriteDBus[10]
WARNING: [Synth 8-3331] design lmb_mux has unconnected port LMB1_WriteDBus[11]
WARNING: [Synth 8-3331] design lmb_mux has unconnected port LMB1_WriteDBus[12]
WARNING: [Synth 8-3331] design lmb_mux has unconnected port LMB1_WriteDBus[13]
WARNING: [Synth 8-3331] design lmb_mux has unconnected port LMB1_WriteDBus[14]
WARNING: [Synth 8-3331] design lmb_mux has unconnected port LMB1_WriteDBus[15]
WARNING: [Synth 8-3331] design lmb_mux has unconnected port LMB1_WriteDBus[16]
WARNING: [Synth 8-3331] design lmb_mux has unconnected port LMB1_WriteDBus[17]
WARNING: [Synth 8-3331] design lmb_mux has unconnected port LMB1_WriteDBus[18]
WARNING: [Synth 8-3331] design lmb_mux has unconnected port LMB1_WriteDBus[19]
WARNING: [Synth 8-3331] design lmb_mux has unconnected port LMB1_WriteDBus[20]
WARNING: [Synth 8-3331] design lmb_mux has unconnected port LMB1_WriteDBus[21]
WARNING: [Synth 8-3331] design lmb_mux has unconnected port LMB1_WriteDBus[22]
WARNING: [Synth 8-3331] design lmb_mux has unconnected port LMB1_WriteDBus[23]
WARNING: [Synth 8-3331] design lmb_mux has unconnected port LMB1_WriteDBus[24]
WARNING: [Synth 8-3331] design lmb_mux has unconnected port LMB1_WriteDBus[25]
WARNING: [Synth 8-3331] design lmb_mux has unconnected port LMB1_WriteDBus[26]
WARNING: [Synth 8-3331] design lmb_mux has unconnected port LMB1_WriteDBus[27]
WARNING: [Synth 8-3331] design lmb_mux has unconnected port LMB1_WriteDBus[28]
WARNING: [Synth 8-3331] design lmb_mux has unconnected port LMB1_WriteDBus[29]
WARNING: [Synth 8-3331] design lmb_mux has unconnected port LMB1_WriteDBus[30]
WARNING: [Synth 8-3331] design lmb_mux has unconnected port LMB1_WriteDBus[31]
WARNING: [Synth 8-3331] design lmb_mux has unconnected port LMB1_AddrStrobe
WARNING: [Synth 8-3331] design lmb_mux has unconnected port LMB1_ReadStrobe
WARNING: [Synth 8-3331] design lmb_mux has unconnected port LMB1_WriteStrobe
WARNING: [Synth 8-3331] design lmb_mux has unconnected port LMB1_BE[0]
INFO: [Common 17-14] Message 'Synth 8-3331' appears 100 times and further instances of the messages will be disabled. Use the Tcl command set_msg_config to change the current settings.
---------------------------------------------------------------------------------
Finished RTL Elaboration : Time (s): cpu = 00:00:11 ; elapsed = 00:00:12 . Memory (MB): peak = 1201.441 ; gain = 231.617 ; free physical = 2808 ; free virtual = 11683
---------------------------------------------------------------------------------

Report Check Netlist: 
+------+------------------+-------+---------+-------+------------------+
|      |Item              |Errors |Warnings |Status |Description       |
+------+------------------+-------+---------+-------+------------------+
|1     |multi_driven_nets |      0|        0|Passed |Multi driven nets |
+------+------------------+-------+---------+-------+------------------+
---------------------------------------------------------------------------------
Finished RTL Optimization Phase 1 : Time (s): cpu = 00:00:11 ; elapsed = 00:00:12 . Memory (MB): peak = 1201.441 ; gain = 231.617 ; free physical = 2808 ; free virtual = 11683
---------------------------------------------------------------------------------
INFO: [Device 21-403] Loading part xc7k420tffg1156-2
INFO: [Project 1-570] Preparing netlist for logic optimization

Processing XDC Constraints
Initializing timing engine
Parsing XDC File [/home/tmnguyen/mu2e_monitor_firmware_original/firmware_original/mu2e_1.srcs/sources_1/ip/microblaze_mcs_0/bd_0/ip/ip_4/bd_fc5c_dlmb_cntlr_0_ooc.xdc] for cell 'U0'
Finished Parsing XDC File [/home/tmnguyen/mu2e_monitor_firmware_original/firmware_original/mu2e_1.srcs/sources_1/ip/microblaze_mcs_0/bd_0/ip/ip_4/bd_fc5c_dlmb_cntlr_0_ooc.xdc] for cell 'U0'
Parsing XDC File [/home/tmnguyen/mu2e_monitor_firmware_original/firmware_original/mu2e_1.runs/bd_fc5c_dlmb_cntlr_0_synth_1/dont_touch.xdc]
Finished Parsing XDC File [/home/tmnguyen/mu2e_monitor_firmware_original/firmware_original/mu2e_1.runs/bd_fc5c_dlmb_cntlr_0_synth_1/dont_touch.xdc]
Completed Processing XDC Constraints

INFO: [Project 1-111] Unisim Transformation Summary:
No Unisim elements were transformed.

Constraint Validation Runtime : Time (s): cpu = 00:00:00.01 ; elapsed = 00:00:00.02 . Memory (MB): peak = 1509.898 ; gain = 0.004 ; free physical = 2573 ; free virtual = 11448
---------------------------------------------------------------------------------
Finished Constraint Validation : Time (s): cpu = 00:00:28 ; elapsed = 00:00:29 . Memory (MB): peak = 1509.898 ; gain = 540.074 ; free physical = 2573 ; free virtual = 11448
---------------------------------------------------------------------------------
---------------------------------------------------------------------------------
Start Loading Part and Timing Information
---------------------------------------------------------------------------------
Loading part: xc7k420tffg1156-2
---------------------------------------------------------------------------------
Finished Loading Part and Timing Information : Time (s): cpu = 00:00:28 ; elapsed = 00:00:29 . Memory (MB): peak = 1509.898 ; gain = 540.074 ; free physical = 2573 ; free virtual = 11448
---------------------------------------------------------------------------------
---------------------------------------------------------------------------------
Start Applying 'set_property' XDC Constraints
---------------------------------------------------------------------------------
Applied set_property DONT_TOUCH = true for U0. (constraint file  auto generated constraint, line ).
---------------------------------------------------------------------------------
Finished applying 'set_property' XDC Constraints : Time (s): cpu = 00:00:29 ; elapsed = 00:00:29 . Memory (MB): peak = 1509.898 ; gain = 540.074 ; free physical = 2573 ; free virtual = 11448
---------------------------------------------------------------------------------
---------------------------------------------------------------------------------
Finished RTL Optimization Phase 2 : Time (s): cpu = 00:00:29 ; elapsed = 00:00:30 . Memory (MB): peak = 1509.898 ; gain = 540.074 ; free physical = 2565 ; free virtual = 11440
---------------------------------------------------------------------------------

Report RTL Partitions: 
+-+--------------+------------+----------+
| |RTL Partition |Replication |Instances |
+-+--------------+------------+----------+
+-+--------------+------------+----------+
---------------------------------------------------------------------------------
Start RTL Component Statistics 
---------------------------------------------------------------------------------
Detailed RTL Component Info : 
+---Registers : 
	                1 Bit    Registers := 2     
---------------------------------------------------------------------------------
Finished RTL Component Statistics 
---------------------------------------------------------------------------------
---------------------------------------------------------------------------------
Start RTL Hierarchical Component Statistics 
---------------------------------------------------------------------------------
Hierarchical RTL Component report 
Module lmb_bram_if_cntlr 
Detailed RTL Component Info : 
+---Registers : 
	                1 Bit    Registers := 2     
---------------------------------------------------------------------------------
Finished RTL Hierarchical Component Statistics
---------------------------------------------------------------------------------
---------------------------------------------------------------------------------
Start Part Resource Summary
---------------------------------------------------------------------------------
Part Resources:
DSPs: 1680 (col length:160)
BRAMs: 1670 (col length: RAMB18 160 RAMB36 80)
---------------------------------------------------------------------------------
Finished Part Resource Summary
---------------------------------------------------------------------------------
Start Parallel Synthesis Optimization  : Time (s): cpu = 00:00:29 ; elapsed = 00:00:30 . Memory (MB): peak = 1509.898 ; gain = 540.074 ; free physical = 2565 ; free virtual = 11440
---------------------------------------------------------------------------------
Start Cross Boundary Optimization
---------------------------------------------------------------------------------
---------------------------------------------------------------------------------
Finished Cross Boundary Optimization : Time (s): cpu = 00:00:29 ; elapsed = 00:00:30 . Memory (MB): peak = 1509.898 ; gain = 540.074 ; free physical = 2557 ; free virtual = 11432
---------------------------------------------------------------------------------
Finished Parallel Reinference  : Time (s): cpu = 00:00:29 ; elapsed = 00:00:30 . Memory (MB): peak = 1509.898 ; gain = 540.074 ; free physical = 2557 ; free virtual = 11432

Report RTL Partitions: 
+-+--------------+------------+----------+
| |RTL Partition |Replication |Instances |
+-+--------------+------------+----------+
+-+--------------+------------+----------+
---------------------------------------------------------------------------------
Start Area Optimization
---------------------------------------------------------------------------------
---------------------------------------------------------------------------------
Finished Area Optimization : Time (s): cpu = 00:00:29 ; elapsed = 00:00:30 . Memory (MB): peak = 1509.898 ; gain = 540.074 ; free physical = 2549 ; free virtual = 11424
---------------------------------------------------------------------------------
Finished Parallel Area Optimization  : Time (s): cpu = 00:00:29 ; elapsed = 00:00:30 . Memory (MB): peak = 1509.898 ; gain = 540.074 ; free physical = 2549 ; free virtual = 11424

Report RTL Partitions: 
+-+--------------+------------+----------+
| |RTL Partition |Replication |Instances |
+-+--------------+------------+----------+
+-+--------------+------------+----------+
---------------------------------------------------------------------------------
Start Timing Optimization
---------------------------------------------------------------------------------
---------------------------------------------------------------------------------
Start Applying XDC Timing Constraints
---------------------------------------------------------------------------------
---------------------------------------------------------------------------------
Finished Applying XDC Timing Constraints : Time (s): cpu = 00:00:41 ; elapsed = 00:00:42 . Memory (MB): peak = 1510.898 ; gain = 541.074 ; free physical = 2518 ; free virtual = 11393
---------------------------------------------------------------------------------
---------------------------------------------------------------------------------
Finished Timing Optimization : Time (s): cpu = 00:00:41 ; elapsed = 00:00:42 . Memory (MB): peak = 1510.898 ; gain = 541.074 ; free physical = 2518 ; free virtual = 11393
---------------------------------------------------------------------------------

Report RTL Partitions: 
+-+--------------+------------+----------+
| |RTL Partition |Replication |Instances |
+-+--------------+------------+----------+
+-+--------------+------------+----------+
---------------------------------------------------------------------------------
Start Technology Mapping
---------------------------------------------------------------------------------
---------------------------------------------------------------------------------
Finished Technology Mapping : Time (s): cpu = 00:00:41 ; elapsed = 00:00:42 . Memory (MB): peak = 1529.926 ; gain = 560.102 ; free physical = 2500 ; free virtual = 11375
---------------------------------------------------------------------------------
Finished Parallel Technology Mapping Optimization  : Time (s): cpu = 00:00:41 ; elapsed = 00:00:42 . Memory (MB): peak = 1529.926 ; gain = 560.102 ; free physical = 2500 ; free virtual = 11375

Report RTL Partitions: 
+-+--------------+------------+----------+
| |RTL Partition |Replication |Instances |
+-+--------------+------------+----------+
+-+--------------+------------+----------+
Finished Parallel Synthesis Optimization  : Time (s): cpu = 00:00:41 ; elapsed = 00:00:42 . Memory (MB): peak = 1529.926 ; gain = 560.102 ; free physical = 2500 ; free virtual = 11375
---------------------------------------------------------------------------------
Start IO Insertion
---------------------------------------------------------------------------------
---------------------------------------------------------------------------------
Start Flattening Before IO Insertion
---------------------------------------------------------------------------------
---------------------------------------------------------------------------------
Finished Flattening Before IO Insertion
---------------------------------------------------------------------------------
---------------------------------------------------------------------------------
Start Final Netlist Cleanup
---------------------------------------------------------------------------------
---------------------------------------------------------------------------------
Finished Final Netlist Cleanup
---------------------------------------------------------------------------------
---------------------------------------------------------------------------------
Finished IO Insertion : Time (s): cpu = 00:00:41 ; elapsed = 00:00:42 . Memory (MB): peak = 1529.926 ; gain = 560.102 ; free physical = 2501 ; free virtual = 11376
---------------------------------------------------------------------------------

Report Check Netlist: 
+------+------------------+-------+---------+-------+------------------+
|      |Item              |Errors |Warnings |Status |Description       |
+------+------------------+-------+---------+-------+------------------+
|1     |multi_driven_nets |      0|        0|Passed |Multi driven nets |
+------+------------------+-------+---------+-------+------------------+
---------------------------------------------------------------------------------
Start Renaming Generated Instances
---------------------------------------------------------------------------------
---------------------------------------------------------------------------------
Finished Renaming Generated Instances : Time (s): cpu = 00:00:41 ; elapsed = 00:00:42 . Memory (MB): peak = 1529.926 ; gain = 560.102 ; free physical = 2501 ; free virtual = 11376
---------------------------------------------------------------------------------

Report RTL Partitions: 
+-+--------------+------------+----------+
| |RTL Partition |Replication |Instances |
+-+--------------+------------+----------+
+-+--------------+------------+----------+
---------------------------------------------------------------------------------
Start Rebuilding User Hierarchy
---------------------------------------------------------------------------------
---------------------------------------------------------------------------------
Finished Rebuilding User Hierarchy : Time (s): cpu = 00:00:41 ; elapsed = 00:00:42 . Memory (MB): peak = 1529.926 ; gain = 560.102 ; free physical = 2501 ; free virtual = 11376
---------------------------------------------------------------------------------
---------------------------------------------------------------------------------
Start Renaming Generated Ports
---------------------------------------------------------------------------------
---------------------------------------------------------------------------------
Finished Renaming Generated Ports : Time (s): cpu = 00:00:41 ; elapsed = 00:00:42 . Memory (MB): peak = 1529.926 ; gain = 560.102 ; free physical = 2501 ; free virtual = 11376
---------------------------------------------------------------------------------
---------------------------------------------------------------------------------
Start Handling Custom Attributes
---------------------------------------------------------------------------------
---------------------------------------------------------------------------------
Finished Handling Custom Attributes : Time (s): cpu = 00:00:41 ; elapsed = 00:00:42 . Memory (MB): peak = 1529.926 ; gain = 560.102 ; free physical = 2501 ; free virtual = 11376
---------------------------------------------------------------------------------
---------------------------------------------------------------------------------
Start Renaming Generated Nets
---------------------------------------------------------------------------------
---------------------------------------------------------------------------------
Finished Renaming Generated Nets : Time (s): cpu = 00:00:41 ; elapsed = 00:00:42 . Memory (MB): peak = 1529.926 ; gain = 560.102 ; free physical = 2501 ; free virtual = 11376
---------------------------------------------------------------------------------
---------------------------------------------------------------------------------
Start Writing Synthesis Report
---------------------------------------------------------------------------------

Report BlackBoxes: 
+-+--------------+----------+
| |BlackBox name |Instances |
+-+--------------+----------+
+-+--------------+----------+

Report Cell Usage: 
+------+-----+------+
|      |Cell |Count |
+------+-----+------+
|1     |LUT2 |     2|
|2     |LUT3 |     1|
|3     |LUT4 |     4|
|4     |FDRE |     2|
+------+-----+------+

Report Instance Areas: 
+------+---------+------------------+------+
|      |Instance |Module            |Cells |
+------+---------+------------------+------+
|1     |top      |                  |     9|
|2     |  U0     |lmb_bram_if_cntlr |     9|
+------+---------+------------------+------+
---------------------------------------------------------------------------------
Finished Writing Synthesis Report : Time (s): cpu = 00:00:41 ; elapsed = 00:00:42 . Memory (MB): peak = 1529.926 ; gain = 560.102 ; free physical = 2501 ; free virtual = 11376
---------------------------------------------------------------------------------
Synthesis finished with 0 errors, 0 critical warnings and 321 warnings.
Synthesis Optimization Runtime : Time (s): cpu = 00:00:26 ; elapsed = 00:00:27 . Memory (MB): peak = 1529.926 ; gain = 131.469 ; free physical = 2501 ; free virtual = 11376
Synthesis Optimization Complete : Time (s): cpu = 00:00:41 ; elapsed = 00:00:42 . Memory (MB): peak = 1529.934 ; gain = 560.109 ; free physical = 2501 ; free virtual = 11376
INFO: [Project 1-571] Translating synthesized netlist
INFO: [Project 1-570] Preparing netlist for logic optimization
Parsing XDC File [/home/tmnguyen/mu2e_monitor_firmware_original/firmware_original/mu2e_1.srcs/sources_1/ip/microblaze_mcs_0/bd_0/ip/ip_4/bd_fc5c_dlmb_cntlr_0_ooc.xdc] for cell 'U0'
Finished Parsing XDC File [/home/tmnguyen/mu2e_monitor_firmware_original/firmware_original/mu2e_1.srcs/sources_1/ip/microblaze_mcs_0/bd_0/ip/ip_4/bd_fc5c_dlmb_cntlr_0_ooc.xdc] for cell 'U0'
INFO: [Opt 31-138] Pushed 0 inverter(s) to 0 load pin(s).
INFO: [Project 1-111] Unisim Transformation Summary:
No Unisim elements were transformed.

INFO: [Common 17-83] Releasing license: Synthesis
22 Infos, 100 Warnings, 0 Critical Warnings and 0 Errors encountered.
synth_design completed successfully
synth_design: Time (s): cpu = 00:00:40 ; elapsed = 00:00:41 . Memory (MB): peak = 1544.926 ; gain = 497.547 ; free physical = 2488 ; free virtual = 11363
report_utilization: Time (s): cpu = 00:00:00.06 ; elapsed = 00:00:00.10 . Memory (MB): peak = 1584.941 ; gain = 0.000 ; free physical = 2487 ; free virtual = 11362
INFO: [Common 17-206] Exiting Vivado at Thu May  2 16:23:33 2019...
