#
# An unexpected error has occurred (11)
#
Stack:
/lib64/libc.so.6() [0x3659a32570]
/opt/Xilinx/Vivado/2016.2/lib/lnx64.o/librdi_common.so(ComMsgMgrSrcHandle::ComMsgMgrSrcHandle(ComMsgMgrSrcHandle const&)+0x11) [0x7fb4e4b39da1]
/opt/Xilinx/Vivado/2016.2/lib/lnx64.o/librdi_common.so(ComMsgMgrStorage::getRootMsgHandle()+0x10) [0x7fb4e4b3a770]
/opt/Xilinx/Vivado/2016.2/lib/lnx64.o/librdi_common.so(ComMsgMgrImpl::getRootMsgSrcHandle()+0xc) [0x7fb4e4aecf3c]
/opt/Xilinx/Vivado/2016.2/lib/lnx64.o/librdi_common.so(ComMsgMgrImpl::sendMessageWithCheck(ComMsgMgrInstance const&, ComMsgMgrSrcHandle const&, bool)+0x542) [0x7fb4e4af67a2]
/opt/Xilinx/Vivado/2016.2/lib/lnx64.o/librdi_common.so(ComMsgMgrImpl::sendMessage(ComMsgMgrInstance const&, ComMsgMgrSrcHandle const&, bool)+0x1d0) [0x7fb4e4af7390]
/opt/Xilinx/Vivado/2016.2/lib/lnx64.o/librdi_common.so(ComMsgMgr::sendMessage(ComMsgMgrInstance const&)+0x2b) [0x7fb4e4ad60cb]
/opt/Xilinx/Vivado/2016.2/lib/lnx64.o/librdi_common.so(ComMsgMgr::sendMsgString(std::string const&, ComMsgMgr::MsgMask, std::string const&)+0x21) [0x7fb4e4ad6161]
/opt/Xilinx/Vivado/2016.2/lib/lnx64.o/librdi_common.so(ComMsgMgrStoragePbFile::writeMessages()+0x70) [0x7fb4e4b406c0]
/opt/Xilinx/Vivado/2016.2/lib/lnx64.o/librdi_common.so(ComMsgMgrStoragePbFile::~ComMsgMgrStoragePbFile()+0x166) [0x7fb4e4b409e6]
/opt/Xilinx/Vivado/2016.2/lib/lnx64.o/librdi_common.so(ComMsgMgrStoragePbFile::~ComMsgMgrStoragePbFile()+0x9) [0x7fb4e4b40ad9]
/opt/Xilinx/Vivado/2016.2/lib/lnx64.o/librdi_common.so(ComMsgMgrImpl::~ComMsgMgrImpl()+0x2f2) [0x7fb4e4af0032]
/opt/Xilinx/Vivado/2016.2/lib/lnx64.o/librdi_common.so(ComMsgMgrImpl::uninit()+0x41) [0x7fb4e4af00c1]
/opt/Xilinx/Vivado/2016.2/lib/lnx64.o/librdi_commontasks.so(+0x30759a) [0x7fb4d737959a]
/opt/Xilinx/Vivado/2016.2/lib/lnx64.o/libtcl8.5.so(Tcl_Finalize+0x45) [0x7fb4e06ca1d5]
/opt/Xilinx/Vivado/2016.2/lib/lnx64.o/libtcl8.5.so(Tcl_Exit+0x4a) [0x7fb4e06ca36a]
/opt/Xilinx/Vivado/2016.2/lib/lnx64.o/libtcl8.5.so(+0x3b7ef) [0x7fb4e06917ef]
/opt/Xilinx/Vivado/2016.2/lib/lnx64.o/libtcl8.5.so(+0x331f5) [0x7fb4e06891f5]
/opt/Xilinx/Vivado/2016.2/lib/lnx64.o/libtcl8.5.so(+0x34d6b) [0x7fb4e068ad6b]
/opt/Xilinx/Vivado/2016.2/lib/lnx64.o/libtcl8.5.so(Tcl_EvalEx+0x16) [0x7fb4e068b276]
/opt/Xilinx/Vivado/2016.2/lib/lnx64.o/libtcl8.5.so(Tcl_Eval+0x15) [0x7fb4e068b295]
/opt/Xilinx/Vivado/2016.2/lib/lnx64.o/librdi_commontasks.so(+0x2e3ee0) [0x7fb4d7355ee0]
/opt/Xilinx/Vivado/2016.2/lib/lnx64.o/librdi_commontasks.so(+0x2dc7c3) [0x7fb4d734e7c3]
/opt/Xilinx/Vivado/2016.2/lib/lnx64.o/librdi_common.so(+0x5b7707) [0x7fb4e4d42707]
/opt/Xilinx/Vivado/2016.2/lib/lnx64.o/libtcl8.5.so(+0x331f5) [0x7fb4e06891f5]
/opt/Xilinx/Vivado/2016.2/lib/lnx64.o/libtcl8.5.so(Tcl_EvalObjv+0x32) [0x7fb4e06897e2]
/opt/Xilinx/Vivado/2016.2/lib/lnx64.o/libtcl8.5.so(TclEvalObjEx+0x322) [0x7fb4e068b5d2]
/opt/Xilinx/Vivado/2016.2/lib/lnx64.o/librdi_commonmain.so(+0x6330) [0x7fb4e4585330]
/opt/Xilinx/Vivado/2016.2/lib/lnx64.o/libtcl8.5.so(Tcl_Main+0x1d5) [0x7fb4e06f6175]
/opt/Xilinx/Vivado/2016.2/lib/lnx64.o/librdi_common.so(+0x5f0409) [0x7fb4e4d7b409]
/lib64/libpthread.so.0() [0x3659e07aa1]
/lib64/libc.so.6(clone+0x6d) [0x3659ae8c4d]
