#
# An unexpected error has occurred (11)
#
Stack:
/lib64/libc.so.6() [0x3659a32570]
/opt/Xilinx/Vivado/2016.2/lib/lnx64.o/librdi_common.so(ComMsgMgrSrcHandle::ComMsgMgrSrcHandle(ComMsgMgrSrcHandle const&)+0x11) [0x7f3318636da1]
/opt/Xilinx/Vivado/2016.2/lib/lnx64.o/librdi_common.so(ComMsgMgrStorage::getRootMsgHandle()+0x10) [0x7f3318637770]
/opt/Xilinx/Vivado/2016.2/lib/lnx64.o/librdi_common.so(ComMsgMgrImpl::getRootMsgSrcHandle()+0xc) [0x7f33185e9f3c]
/opt/Xilinx/Vivado/2016.2/lib/lnx64.o/librdi_common.so(ComMsgMgrImpl::sendMessageWithCheck(ComMsgMgrInstance const&, ComMsgMgrSrcHandle const&, bool)+0x542) [0x7f33185f37a2]
/opt/Xilinx/Vivado/2016.2/lib/lnx64.o/librdi_common.so(ComMsgMgrImpl::sendMessage(ComMsgMgrInstance const&, ComMsgMgrSrcHandle const&, bool)+0x1d0) [0x7f33185f4390]
/opt/Xilinx/Vivado/2016.2/lib/lnx64.o/librdi_common.so(ComMsgMgr::sendMessage(ComMsgMgrInstance const&)+0x2b) [0x7f33185d30cb]
/opt/Xilinx/Vivado/2016.2/lib/lnx64.o/librdi_common.so(ComMsgMgr::sendMsgString(std::string const&, ComMsgMgr::MsgMask, std::string const&)+0x21) [0x7f33185d3161]
/opt/Xilinx/Vivado/2016.2/lib/lnx64.o/librdi_common.so(ComMsgMgrStoragePbFile::writeMessages()+0x70) [0x7f331863d6c0]
/opt/Xilinx/Vivado/2016.2/lib/lnx64.o/librdi_common.so(ComMsgMgrStoragePbFile::~ComMsgMgrStoragePbFile()+0x166) [0x7f331863d9e6]
/opt/Xilinx/Vivado/2016.2/lib/lnx64.o/librdi_common.so(ComMsgMgrStoragePbFile::~ComMsgMgrStoragePbFile()+0x9) [0x7f331863dad9]
/opt/Xilinx/Vivado/2016.2/lib/lnx64.o/librdi_common.so(ComMsgMgrImpl::~ComMsgMgrImpl()+0x2f2) [0x7f33185ed032]
/opt/Xilinx/Vivado/2016.2/lib/lnx64.o/librdi_common.so(ComMsgMgrImpl::uninit()+0x41) [0x7f33185ed0c1]
/opt/Xilinx/Vivado/2016.2/lib/lnx64.o/librdi_commontasks.so(+0x30759a) [0x7f330ae7659a]
/opt/Xilinx/Vivado/2016.2/lib/lnx64.o/libtcl8.5.so(Tcl_Finalize+0x45) [0x7f33141c71d5]
/opt/Xilinx/Vivado/2016.2/lib/lnx64.o/libtcl8.5.so(Tcl_Exit+0x4a) [0x7f33141c736a]
/opt/Xilinx/Vivado/2016.2/lib/lnx64.o/libtcl8.5.so(+0x3b7ef) [0x7f331418e7ef]
/opt/Xilinx/Vivado/2016.2/lib/lnx64.o/libtcl8.5.so(+0x331f5) [0x7f33141861f5]
/opt/Xilinx/Vivado/2016.2/lib/lnx64.o/libtcl8.5.so(+0x34d6b) [0x7f3314187d6b]
/opt/Xilinx/Vivado/2016.2/lib/lnx64.o/libtcl8.5.so(Tcl_EvalEx+0x16) [0x7f3314188276]
/opt/Xilinx/Vivado/2016.2/lib/lnx64.o/libtcl8.5.so(Tcl_Eval+0x15) [0x7f3314188295]
/opt/Xilinx/Vivado/2016.2/lib/lnx64.o/librdi_commontasks.so(+0x2e3ee0) [0x7f330ae52ee0]
/opt/Xilinx/Vivado/2016.2/lib/lnx64.o/librdi_commontasks.so(+0x2dc7c3) [0x7f330ae4b7c3]
/opt/Xilinx/Vivado/2016.2/lib/lnx64.o/librdi_common.so(+0x5b7707) [0x7f331883f707]
/opt/Xilinx/Vivado/2016.2/lib/lnx64.o/libtcl8.5.so(+0x331f5) [0x7f33141861f5]
/opt/Xilinx/Vivado/2016.2/lib/lnx64.o/libtcl8.5.so(Tcl_EvalObjv+0x32) [0x7f33141867e2]
/opt/Xilinx/Vivado/2016.2/lib/lnx64.o/libtcl8.5.so(TclEvalObjEx+0x322) [0x7f33141885d2]
/opt/Xilinx/Vivado/2016.2/lib/lnx64.o/librdi_commonmain.so(+0x6330) [0x7f3318082330]
/opt/Xilinx/Vivado/2016.2/lib/lnx64.o/libtcl8.5.so(Tcl_Main+0x1d5) [0x7f33141f3175]
/opt/Xilinx/Vivado/2016.2/lib/lnx64.o/librdi_common.so(+0x5f0409) [0x7f3318878409]
/lib64/libpthread.so.0() [0x3659e07aa1]
/lib64/libc.so.6(clone+0x6d) [0x3659ae8c4d]
