
*** Running vivado
    with args -log bd_fc5c_ilmb_0.vds -m64 -mode batch -messageDb vivado.pb -notrace -source bd_fc5c_ilmb_0.tcl


****** Vivado v2016.2 (64-bit)
  **** SW Build 1577090 on Thu Jun  2 16:32:35 MDT 2016
  **** IP Build 1577682 on Fri Jun  3 12:00:54 MDT 2016
    ** Copyright 1986-2016 Xilinx, Inc. All Rights Reserved.

source bd_fc5c_ilmb_0.tcl -notrace
Command: synth_design -top bd_fc5c_ilmb_0 -part xc7k420tffg1156-2 -mode out_of_context
Starting synth_design
Attempting to get a license for feature 'Synthesis' and/or device 'xc7k420t'
INFO: [Common 17-349] Got license for feature 'Synthesis' and/or device 'xc7k420t'
INFO: [Common 17-1223] The version limit for your license is '2018.05' and will expire in -336 days. A version limit expiration means that, although you may be able to continue to use the current version of tools or IP with this license, you will not be eligible for any updates or new releases.
INFO: Launching helper process for spawning children vivado processes
INFO: Helper process launched with PID 6123 
---------------------------------------------------------------------------------
Starting RTL Elaboration : Time (s): cpu = 00:00:10 ; elapsed = 00:00:10 . Memory (MB): peak = 1159.000 ; gain = 189.172 ; free physical = 2850 ; free virtual = 11725
---------------------------------------------------------------------------------
INFO: [Synth 8-638] synthesizing module 'bd_fc5c_ilmb_0' [/home/tmnguyen/mu2e_monitor_firmware_original/firmware_original/mu2e_1.srcs/sources_1/ip/microblaze_mcs_0/bd_0/ip/ip_2/synth/bd_fc5c_ilmb_0.vhd:89]
	Parameter C_LMB_NUM_SLAVES bound to: 1 - type: integer 
	Parameter C_LMB_DWIDTH bound to: 32 - type: integer 
	Parameter C_LMB_AWIDTH bound to: 32 - type: integer 
	Parameter C_EXT_RESET_HIGH bound to: 1 - type: integer 
INFO: [Synth 8-3491] module 'lmb_v10' declared at '/home/tmnguyen/mu2e_monitor_firmware_original/firmware_original/mu2e_1.srcs/sources_1/ip/microblaze_mcs_0/bd_0/ip/ip_2/lmb_v10_v3_0_8/hdl/vhdl/lmb_v10.vhd:92' bound to instance 'U0' of component 'lmb_v10' [/home/tmnguyen/mu2e_monitor_firmware_original/firmware_original/mu2e_1.srcs/sources_1/ip/microblaze_mcs_0/bd_0/ip/ip_2/synth/bd_fc5c_ilmb_0.vhd:160]
INFO: [Synth 8-638] synthesizing module 'lmb_v10' [/home/tmnguyen/mu2e_monitor_firmware_original/firmware_original/mu2e_1.srcs/sources_1/ip/microblaze_mcs_0/bd_0/ip/ip_2/lmb_v10_v3_0_8/hdl/vhdl/lmb_v10.vhd:140]
	Parameter C_LMB_NUM_SLAVES bound to: 1 - type: integer 
	Parameter C_LMB_DWIDTH bound to: 32 - type: integer 
	Parameter C_LMB_AWIDTH bound to: 32 - type: integer 
	Parameter C_EXT_RESET_HIGH bound to: 1 - type: integer 
INFO: [Synth 8-3491] module 'FDS' declared at '/opt/Xilinx/Vivado/2016.2/scripts/rt/data/unisim_comp.v:4088' bound to instance 'POR_FF_I' of component 'FDS' [/home/tmnguyen/mu2e_monitor_firmware_original/firmware_original/mu2e_1.srcs/sources_1/ip/microblaze_mcs_0/bd_0/ip/ip_2/lmb_v10_v3_0_8/hdl/vhdl/lmb_v10.vhd:169]
INFO: [Synth 8-638] synthesizing module 'FDS' [/opt/Xilinx/Vivado/2016.2/scripts/rt/data/unisim_comp.v:4088]
	Parameter INIT bound to: 1'b1 
INFO: [Synth 8-256] done synthesizing module 'FDS' (1#1) [/opt/Xilinx/Vivado/2016.2/scripts/rt/data/unisim_comp.v:4088]
INFO: [Synth 8-256] done synthesizing module 'lmb_v10' (2#1) [/home/tmnguyen/mu2e_monitor_firmware_original/firmware_original/mu2e_1.srcs/sources_1/ip/microblaze_mcs_0/bd_0/ip/ip_2/lmb_v10_v3_0_8/hdl/vhdl/lmb_v10.vhd:140]
INFO: [Synth 8-256] done synthesizing module 'bd_fc5c_ilmb_0' (3#1) [/home/tmnguyen/mu2e_monitor_firmware_original/firmware_original/mu2e_1.srcs/sources_1/ip/microblaze_mcs_0/bd_0/ip/ip_2/synth/bd_fc5c_ilmb_0.vhd:89]
---------------------------------------------------------------------------------
Finished RTL Elaboration : Time (s): cpu = 00:00:11 ; elapsed = 00:00:11 . Memory (MB): peak = 1200.445 ; gain = 230.617 ; free physical = 2808 ; free virtual = 11683
---------------------------------------------------------------------------------

Report Check Netlist: 
+------+------------------+-------+---------+-------+------------------+
|      |Item              |Errors |Warnings |Status |Description       |
+------+------------------+-------+---------+-------+------------------+
|1     |multi_driven_nets |      0|        0|Passed |Multi driven nets |
+------+------------------+-------+---------+-------+------------------+
---------------------------------------------------------------------------------
Finished RTL Optimization Phase 1 : Time (s): cpu = 00:00:11 ; elapsed = 00:00:12 . Memory (MB): peak = 1200.445 ; gain = 230.617 ; free physical = 2808 ; free virtual = 11683
---------------------------------------------------------------------------------
INFO: [Netlist 29-17] Analyzing 1 Unisim elements for replacement
INFO: [Netlist 29-28] Unisim Transformation completed in 0 CPU seconds
INFO: [Device 21-403] Loading part xc7k420tffg1156-2
INFO: [Project 1-570] Preparing netlist for logic optimization

Processing XDC Constraints
Initializing timing engine
Parsing XDC File [/home/tmnguyen/mu2e_monitor_firmware_original/firmware_original/mu2e_1.srcs/sources_1/ip/microblaze_mcs_0/bd_0/ip/ip_2/bd_fc5c_ilmb_0_ooc.xdc] for cell 'U0'
Finished Parsing XDC File [/home/tmnguyen/mu2e_monitor_firmware_original/firmware_original/mu2e_1.srcs/sources_1/ip/microblaze_mcs_0/bd_0/ip/ip_2/bd_fc5c_ilmb_0_ooc.xdc] for cell 'U0'
Parsing XDC File [/home/tmnguyen/mu2e_monitor_firmware_original/firmware_original/mu2e_1.srcs/sources_1/ip/microblaze_mcs_0/bd_0/ip/ip_2/bd_fc5c_ilmb_0.xdc] for cell 'U0'
Finished Parsing XDC File [/home/tmnguyen/mu2e_monitor_firmware_original/firmware_original/mu2e_1.srcs/sources_1/ip/microblaze_mcs_0/bd_0/ip/ip_2/bd_fc5c_ilmb_0.xdc] for cell 'U0'
Parsing XDC File [/home/tmnguyen/mu2e_monitor_firmware_original/firmware_original/mu2e_1.runs/bd_fc5c_ilmb_0_synth_1/dont_touch.xdc]
Finished Parsing XDC File [/home/tmnguyen/mu2e_monitor_firmware_original/firmware_original/mu2e_1.runs/bd_fc5c_ilmb_0_synth_1/dont_touch.xdc]
Completed Processing XDC Constraints

INFO: [Project 1-111] Unisim Transformation Summary:
  A total of 1 instances were transformed.
  FDS => FDSE: 1 instances

Constraint Validation Runtime : Time (s): cpu = 00:00:00.02 ; elapsed = 00:00:00.02 . Memory (MB): peak = 1468.848 ; gain = 0.004 ; free physical = 2570 ; free virtual = 11445
---------------------------------------------------------------------------------
Finished Constraint Validation : Time (s): cpu = 00:00:28 ; elapsed = 00:00:29 . Memory (MB): peak = 1468.848 ; gain = 499.020 ; free physical = 2570 ; free virtual = 11445
---------------------------------------------------------------------------------
---------------------------------------------------------------------------------
Start Loading Part and Timing Information
---------------------------------------------------------------------------------
Loading part: xc7k420tffg1156-2
---------------------------------------------------------------------------------
Finished Loading Part and Timing Information : Time (s): cpu = 00:00:28 ; elapsed = 00:00:29 . Memory (MB): peak = 1468.848 ; gain = 499.020 ; free physical = 2570 ; free virtual = 11445
---------------------------------------------------------------------------------
---------------------------------------------------------------------------------
Start Applying 'set_property' XDC Constraints
---------------------------------------------------------------------------------
Applied set_property DONT_TOUCH = true for U0. (constraint file  auto generated constraint, line ).
---------------------------------------------------------------------------------
Finished applying 'set_property' XDC Constraints : Time (s): cpu = 00:00:28 ; elapsed = 00:00:29 . Memory (MB): peak = 1468.848 ; gain = 499.020 ; free physical = 2570 ; free virtual = 11445
---------------------------------------------------------------------------------
---------------------------------------------------------------------------------
Finished RTL Optimization Phase 2 : Time (s): cpu = 00:00:28 ; elapsed = 00:00:29 . Memory (MB): peak = 1468.848 ; gain = 499.020 ; free physical = 2568 ; free virtual = 11443
---------------------------------------------------------------------------------

Report RTL Partitions: 
+-+--------------+------------+----------+
| |RTL Partition |Replication |Instances |
+-+--------------+------------+----------+
+-+--------------+------------+----------+
---------------------------------------------------------------------------------
Start RTL Component Statistics 
---------------------------------------------------------------------------------
Detailed RTL Component Info : 
---------------------------------------------------------------------------------
Finished RTL Component Statistics 
---------------------------------------------------------------------------------
---------------------------------------------------------------------------------
Start RTL Hierarchical Component Statistics 
---------------------------------------------------------------------------------
Hierarchical RTL Component report 
---------------------------------------------------------------------------------
Finished RTL Hierarchical Component Statistics
---------------------------------------------------------------------------------
---------------------------------------------------------------------------------
Start Part Resource Summary
---------------------------------------------------------------------------------
Part Resources:
DSPs: 1680 (col length:160)
BRAMs: 1670 (col length: RAMB18 160 RAMB36 80)
---------------------------------------------------------------------------------
Finished Part Resource Summary
---------------------------------------------------------------------------------
Start Parallel Synthesis Optimization  : Time (s): cpu = 00:00:29 ; elapsed = 00:00:29 . Memory (MB): peak = 1468.848 ; gain = 499.020 ; free physical = 2568 ; free virtual = 11443
---------------------------------------------------------------------------------
Start Cross Boundary Optimization
---------------------------------------------------------------------------------
---------------------------------------------------------------------------------
Finished Cross Boundary Optimization : Time (s): cpu = 00:00:29 ; elapsed = 00:00:29 . Memory (MB): peak = 1468.848 ; gain = 499.020 ; free physical = 2568 ; free virtual = 11443
---------------------------------------------------------------------------------
Finished Parallel Reinference  : Time (s): cpu = 00:00:29 ; elapsed = 00:00:29 . Memory (MB): peak = 1468.848 ; gain = 499.020 ; free physical = 2568 ; free virtual = 11443

Report RTL Partitions: 
+-+--------------+------------+----------+
| |RTL Partition |Replication |Instances |
+-+--------------+------------+----------+
+-+--------------+------------+----------+
---------------------------------------------------------------------------------
Start Area Optimization
---------------------------------------------------------------------------------
---------------------------------------------------------------------------------
Finished Area Optimization : Time (s): cpu = 00:00:29 ; elapsed = 00:00:29 . Memory (MB): peak = 1468.848 ; gain = 499.020 ; free physical = 2568 ; free virtual = 11443
---------------------------------------------------------------------------------
Finished Parallel Area Optimization  : Time (s): cpu = 00:00:29 ; elapsed = 00:00:29 . Memory (MB): peak = 1468.848 ; gain = 499.020 ; free physical = 2568 ; free virtual = 11443

Report RTL Partitions: 
+-+--------------+------------+----------+
| |RTL Partition |Replication |Instances |
+-+--------------+------------+----------+
+-+--------------+------------+----------+
---------------------------------------------------------------------------------
Start Timing Optimization
---------------------------------------------------------------------------------
---------------------------------------------------------------------------------
Start Applying XDC Timing Constraints
---------------------------------------------------------------------------------
---------------------------------------------------------------------------------
Finished Applying XDC Timing Constraints : Time (s): cpu = 00:00:40 ; elapsed = 00:00:41 . Memory (MB): peak = 1488.848 ; gain = 519.020 ; free physical = 2542 ; free virtual = 11417
---------------------------------------------------------------------------------
---------------------------------------------------------------------------------
Finished Timing Optimization : Time (s): cpu = 00:00:40 ; elapsed = 00:00:41 . Memory (MB): peak = 1488.848 ; gain = 519.020 ; free physical = 2542 ; free virtual = 11417
---------------------------------------------------------------------------------

Report RTL Partitions: 
+-+--------------+------------+----------+
| |RTL Partition |Replication |Instances |
+-+--------------+------------+----------+
+-+--------------+------------+----------+
---------------------------------------------------------------------------------
Start Technology Mapping
---------------------------------------------------------------------------------
---------------------------------------------------------------------------------
Finished Technology Mapping : Time (s): cpu = 00:00:40 ; elapsed = 00:00:41 . Memory (MB): peak = 1497.859 ; gain = 528.031 ; free physical = 2533 ; free virtual = 11408
---------------------------------------------------------------------------------
Finished Parallel Technology Mapping Optimization  : Time (s): cpu = 00:00:40 ; elapsed = 00:00:41 . Memory (MB): peak = 1497.859 ; gain = 528.031 ; free physical = 2533 ; free virtual = 11408

Report RTL Partitions: 
+-+--------------+------------+----------+
| |RTL Partition |Replication |Instances |
+-+--------------+------------+----------+
+-+--------------+------------+----------+
Finished Parallel Synthesis Optimization  : Time (s): cpu = 00:00:40 ; elapsed = 00:00:41 . Memory (MB): peak = 1497.859 ; gain = 528.031 ; free physical = 2533 ; free virtual = 11408
---------------------------------------------------------------------------------
Start IO Insertion
---------------------------------------------------------------------------------
---------------------------------------------------------------------------------
Start Flattening Before IO Insertion
---------------------------------------------------------------------------------
---------------------------------------------------------------------------------
Finished Flattening Before IO Insertion
---------------------------------------------------------------------------------
---------------------------------------------------------------------------------
Start Final Netlist Cleanup
---------------------------------------------------------------------------------
---------------------------------------------------------------------------------
Finished Final Netlist Cleanup
---------------------------------------------------------------------------------
---------------------------------------------------------------------------------
Finished IO Insertion : Time (s): cpu = 00:00:41 ; elapsed = 00:00:41 . Memory (MB): peak = 1497.859 ; gain = 528.031 ; free physical = 2533 ; free virtual = 11408
---------------------------------------------------------------------------------

Report Check Netlist: 
+------+------------------+-------+---------+-------+------------------+
|      |Item              |Errors |Warnings |Status |Description       |
+------+------------------+-------+---------+-------+------------------+
|1     |multi_driven_nets |      0|        0|Passed |Multi driven nets |
+------+------------------+-------+---------+-------+------------------+
---------------------------------------------------------------------------------
Start Renaming Generated Instances
---------------------------------------------------------------------------------
---------------------------------------------------------------------------------
Finished Renaming Generated Instances : Time (s): cpu = 00:00:41 ; elapsed = 00:00:41 . Memory (MB): peak = 1497.859 ; gain = 528.031 ; free physical = 2533 ; free virtual = 11408
---------------------------------------------------------------------------------

Report RTL Partitions: 
+-+--------------+------------+----------+
| |RTL Partition |Replication |Instances |
+-+--------------+------------+----------+
+-+--------------+------------+----------+
---------------------------------------------------------------------------------
Start Rebuilding User Hierarchy
---------------------------------------------------------------------------------
---------------------------------------------------------------------------------
Finished Rebuilding User Hierarchy : Time (s): cpu = 00:00:41 ; elapsed = 00:00:41 . Memory (MB): peak = 1497.859 ; gain = 528.031 ; free physical = 2533 ; free virtual = 11408
---------------------------------------------------------------------------------
---------------------------------------------------------------------------------
Start Renaming Generated Ports
---------------------------------------------------------------------------------
---------------------------------------------------------------------------------
Finished Renaming Generated Ports : Time (s): cpu = 00:00:41 ; elapsed = 00:00:41 . Memory (MB): peak = 1497.859 ; gain = 528.031 ; free physical = 2533 ; free virtual = 11408
---------------------------------------------------------------------------------
---------------------------------------------------------------------------------
Start Handling Custom Attributes
---------------------------------------------------------------------------------
---------------------------------------------------------------------------------
Finished Handling Custom Attributes : Time (s): cpu = 00:00:41 ; elapsed = 00:00:42 . Memory (MB): peak = 1497.859 ; gain = 528.031 ; free physical = 2533 ; free virtual = 11408
---------------------------------------------------------------------------------
---------------------------------------------------------------------------------
Start Renaming Generated Nets
---------------------------------------------------------------------------------
---------------------------------------------------------------------------------
Finished Renaming Generated Nets : Time (s): cpu = 00:00:41 ; elapsed = 00:00:42 . Memory (MB): peak = 1497.859 ; gain = 528.031 ; free physical = 2533 ; free virtual = 11408
---------------------------------------------------------------------------------
---------------------------------------------------------------------------------
Start Writing Synthesis Report
---------------------------------------------------------------------------------

Report BlackBoxes: 
+-+--------------+----------+
| |BlackBox name |Instances |
+-+--------------+----------+
+-+--------------+----------+

Report Cell Usage: 
+------+-----+------+
|      |Cell |Count |
+------+-----+------+
|1     |FDS  |     1|
+------+-----+------+

Report Instance Areas: 
+------+---------+--------+------+
|      |Instance |Module  |Cells |
+------+---------+--------+------+
|1     |top      |        |     1|
|2     |  U0     |lmb_v10 |     1|
+------+---------+--------+------+
---------------------------------------------------------------------------------
Finished Writing Synthesis Report : Time (s): cpu = 00:00:41 ; elapsed = 00:00:42 . Memory (MB): peak = 1497.859 ; gain = 528.031 ; free physical = 2533 ; free virtual = 11408
---------------------------------------------------------------------------------
Synthesis finished with 0 errors, 0 critical warnings and 0 warnings.
Synthesis Optimization Runtime : Time (s): cpu = 00:00:26 ; elapsed = 00:00:26 . Memory (MB): peak = 1497.859 ; gain = 139.453 ; free physical = 2533 ; free virtual = 11408
Synthesis Optimization Complete : Time (s): cpu = 00:00:41 ; elapsed = 00:00:42 . Memory (MB): peak = 1497.867 ; gain = 528.039 ; free physical = 2534 ; free virtual = 11409
INFO: [Project 1-571] Translating synthesized netlist
INFO: [Netlist 29-17] Analyzing 1 Unisim elements for replacement
INFO: [Netlist 29-28] Unisim Transformation completed in 0 CPU seconds
INFO: [Project 1-570] Preparing netlist for logic optimization
Parsing XDC File [/home/tmnguyen/mu2e_monitor_firmware_original/firmware_original/mu2e_1.srcs/sources_1/ip/microblaze_mcs_0/bd_0/ip/ip_2/bd_fc5c_ilmb_0_ooc.xdc] for cell 'U0'
Finished Parsing XDC File [/home/tmnguyen/mu2e_monitor_firmware_original/firmware_original/mu2e_1.srcs/sources_1/ip/microblaze_mcs_0/bd_0/ip/ip_2/bd_fc5c_ilmb_0_ooc.xdc] for cell 'U0'
Parsing XDC File [/home/tmnguyen/mu2e_monitor_firmware_original/firmware_original/mu2e_1.srcs/sources_1/ip/microblaze_mcs_0/bd_0/ip/ip_2/bd_fc5c_ilmb_0.xdc] for cell 'U0'
Finished Parsing XDC File [/home/tmnguyen/mu2e_monitor_firmware_original/firmware_original/mu2e_1.srcs/sources_1/ip/microblaze_mcs_0/bd_0/ip/ip_2/bd_fc5c_ilmb_0.xdc] for cell 'U0'
INFO: [Opt 31-138] Pushed 0 inverter(s) to 0 load pin(s).
INFO: [Project 1-111] Unisim Transformation Summary:
  A total of 1 instances were transformed.
  FDS => FDSE: 1 instances

INFO: [Common 17-83] Releasing license: Synthesis
22 Infos, 0 Warnings, 0 Critical Warnings and 0 Errors encountered.
synth_design completed successfully
synth_design: Time (s): cpu = 00:00:40 ; elapsed = 00:00:40 . Memory (MB): peak = 1521.859 ; gain = 474.477 ; free physical = 2510 ; free virtual = 11385
report_utilization: Time (s): cpu = 00:00:00.06 ; elapsed = 00:00:00.10 . Memory (MB): peak = 1551.871 ; gain = 0.000 ; free physical = 2510 ; free virtual = 11385
INFO: [Common 17-206] Exiting Vivado at Thu May  2 16:22:37 2019...
