17:19:14 **** Build of project standalone_bsp_0 ****
make -k all 
Running Make include in microblaze_I/libsrc/bram_v4_1/src
make -C microblaze_I/libsrc/bram_v4_1/src -s include  "SHELL=/bin/sh" "COMPILER=mb-gcc" "ARCHIVER=mb-ar" "COMPILER_FLAGS= -O2 -c -mcpu=v9.6 -mlittle-endian -mno-xl-reorder -mxl-soft-mul" "EXTRA_COMPILER_FLAGS=-g"
Running Make include in microblaze_I/libsrc/cpu_v2_5/src
make -C microblaze_I/libsrc/cpu_v2_5/src -s include  "SHELL=/bin/sh" "COMPILER=mb-gcc" "ARCHIVER=mb-ar" "COMPILER_FLAGS= -O2 -c -mcpu=v9.6 -mlittle-endian -mno-xl-reorder -mxl-soft-mul" "EXTRA_COMPILER_FLAGS=-g"
Running Make include in microblaze_I/libsrc/iomodule_v2_3/src
make -C microblaze_I/libsrc/iomodule_v2_3/src -s include  "SHELL=/bin/sh" "COMPILER=mb-gcc" "ARCHIVER=mb-ar" "COMPILER_FLAGS= -O2 -c -mcpu=v9.6 -mlittle-endian -mno-xl-reorder -mxl-soft-mul" "EXTRA_COMPILER_FLAGS=-g"
Running Make include in microblaze_I/libsrc/standalone_v5_5/src
make -C microblaze_I/libsrc/standalone_v5_5/src -s include  "SHELL=/bin/sh" "COMPILER=mb-gcc" "ARCHIVER=mb-ar" "COMPILER_FLAGS= -O2 -c -mcpu=v9.6 -mlittle-endian -mno-xl-reorder -mxl-soft-mul" "EXTRA_COMPILER_FLAGS=-g"
Running Make libs in microblaze_I/libsrc/bram_v4_1/src
make -C microblaze_I/libsrc/bram_v4_1/src -s libs  "SHELL=/bin/sh" "COMPILER=mb-gcc" "ARCHIVER=mb-ar" "COMPILER_FLAGS= -O2 -c -mcpu=v9.6 -mlittle-endian -mno-xl-reorder -mxl-soft-mul" "EXTRA_COMPILER_FLAGS=-g"
Compiling bram
mb-ar: creating ../../../lib/libxil.a
Running Make libs in microblaze_I/libsrc/cpu_v2_5/src
make -C microblaze_I/libsrc/cpu_v2_5/src -s libs  "SHELL=/bin/sh" "COMPILER=mb-gcc" "ARCHIVER=mb-ar" "COMPILER_FLAGS= -O2 -c -mcpu=v9.6 -mlittle-endian -mno-xl-reorder -mxl-soft-mul" "EXTRA_COMPILER_FLAGS=-g"
Compiling cpu
Running Make libs in microblaze_I/libsrc/iomodule_v2_3/src
make -C microblaze_I/libsrc/iomodule_v2_3/src -s libs  "SHELL=/bin/sh" "COMPILER=mb-gcc" "ARCHIVER=mb-ar" "COMPILER_FLAGS= -O2 -c -mcpu=v9.6 -mlittle-endian -mno-xl-reorder -mxl-soft-mul" "EXTRA_COMPILER_FLAGS=-g"
Compiling iomodule
In file included from ../../../include/xstatus.h:53:0,
                 from xiomodule.h:256,
                 from xiomodule.c:58:
xiomodule.c: In function 'XIOModule_DiscreteRead':
../../../include/xil_assert.h:104:9: warning: 'return' with no value, in function returning non-void
         return;                                    \
         ^
xiomodule.c:767:2: note: in expansion of macro 'Xil_AssertVoid'
  Xil_AssertVoid((Channel >= 1) && (Channel <= XGPI_DEVICE_COUNT));
  ^
Running Make libs in microblaze_I/libsrc/standalone_v5_5/src
make -C microblaze_I/libsrc/standalone_v5_5/src -s libs  "SHELL=/bin/sh" "COMPILER=mb-gcc" "ARCHIVER=mb-ar" "COMPILER_FLAGS= -O2 -c -mcpu=v9.6 -mlittle-endian -mno-xl-reorder -mxl-soft-mul" "EXTRA_COMPILER_FLAGS=-g"
Compiling standalone
Finished building libraries

17:19:16 Build Finished (took 1s.838ms)

